INFO:pygls.feature_manager:Registered builtin feature exit
INFO:pygls.feature_manager:Registered builtin feature initialize
INFO:pygls.feature_manager:Registered builtin feature initialized
INFO:pygls.feature_manager:Registered builtin feature notebookDocument/didChange
INFO:pygls.feature_manager:Registered builtin feature notebookDocument/didClose
INFO:pygls.feature_manager:Registered builtin feature notebookDocument/didOpen
INFO:pygls.feature_manager:Registered builtin feature $/setTrace
INFO:pygls.feature_manager:Registered builtin feature shutdown
INFO:pygls.feature_manager:Registered builtin feature textDocument/didChange
INFO:pygls.feature_manager:Registered builtin feature textDocument/didClose
INFO:pygls.feature_manager:Registered builtin feature textDocument/didOpen
INFO:pygls.feature_manager:Registered builtin feature window/workDoneProgress/cancel
INFO:pygls.feature_manager:Registered builtin feature workspace/didChangeWorkspaceFolders
INFO:pygls.feature_manager:Registered builtin feature workspace/executeCommand
INFO:pygls.feature_manager:Registered "textDocument/didChange" with options "None"
INFO:pygls.feature_manager:Registered "textDocument/completion" with options "CompletionOptions(trigger_characters=['.'], all_commit_characters=None, resolve_provider=None, completion_item=None, work_done_progress=None)"
INFO:pygls.server:Starting async IO server
INFO:pygls.protocol.language_server:Language server initialized InitializeParams(capabilities=ClientCapabilities(workspace=WorkspaceClientCapabilities(apply_edit=True, workspace_edit=WorkspaceEditClientCapabilities(document_changes=True, resource_operations=[<ResourceOperationKind.Create: 'create'>, <ResourceOperationKind.Rename: 'rename'>, <ResourceOperationKind.Delete: 'delete'>], failure_handling=<FailureHandlingKind.Abort: 'abort'>, normalizes_line_endings=False, change_annotation_support=None, metadata_support=None, snippet_edit_support=None), did_change_configuration=DidChangeConfigurationClientCapabilities(dynamic_registration=False), did_change_watched_files=DidChangeWatchedFilesClientCapabilities(dynamic_registration=True, relative_pattern_support=False), symbol=WorkspaceSymbolClientCapabilities(dynamic_registration=False, symbol_kind=None, tag_support=None, resolve_support=None), execute_command=ExecuteCommandClientCapabilities(dynamic_registration=False), workspace_folders=True, configuration=True, semantic_tokens=None, code_lens=None, file_operations=FileOperationClientCapabilities(dynamic_registration=None, did_create=None, will_create=None, did_rename=True, will_rename=True, did_delete=None, will_delete=None), inline_value=None, inlay_hint=InlayHintWorkspaceClientCapabilities(refresh_support=False), diagnostics=None, folding_range=None, text_document_content=None), text_document=TextDocumentClientCapabilities(synchronization=None, completion=CompletionClientCapabilities(dynamic_registration=None, completion_item=ClientCompletionItemOptions(snippet_support=True, commit_characters_support=None, documentation_format=None, deprecated_support=True, preselect_support=None, tag_support=CompletionItemTagOptions(value_set=[<CompletionItemTag.Deprecated: 1>]), insert_replace_support=True, resolve_support=ClientCompletionItemResolveOptions(properties=['documentation', 'detail', 'additionalTextEdits']), insert_text_mode_support=None, label_details_support=None), completion_item_kind=ClientCompletionItemOptionsKind(value_set=None), insert_text_mode=None, context_support=None, completion_list=None), hover=HoverClientCapabilities(dynamic_registration=None, content_format=[<MarkupKind.Markdown: 'markdown'>]), signature_help=SignatureHelpClientCapabilities(dynamic_registration=None, signature_information=ClientSignatureInformationOptions(documentation_format=[<MarkupKind.Markdown: 'markdown'>], parameter_information=ClientSignatureParameterInformationOptions(label_offset_support=True), active_parameter_support=True, no_active_parameter_support=None), context_support=None), declaration=None, definition=None, type_definition=None, implementation=None, references=None, document_highlight=None, document_symbol=None, code_action=CodeActionClientCapabilities(dynamic_registration=None, code_action_literal_support=ClientCodeActionLiteralOptions(code_action_kind=ClientCodeActionKindOptions(value_set=['', 'quickfix', 'refactor', 'refactor.extract', 'refactor.inline', 'refactor.rewrite', 'source', 'source.organizeImports'])), is_preferred_support=True, disabled_support=True, data_support=True, resolve_support=ClientCodeActionResolveOptions(properties=['edit', 'command']), honors_change_annotations=None, documentation_support=None, tag_support=None), code_lens=None, document_link=None, color_provider=None, formatting=DocumentFormattingClientCapabilities(dynamic_registration=False), range_formatting=None, on_type_formatting=None, rename=RenameClientCapabilities(dynamic_registration=False, prepare_support=True, prepare_support_default_behavior=None, honors_change_annotations=False), folding_range=None, selection_range=None, publish_diagnostics=PublishDiagnosticsClientCapabilities(version_support=True, related_information=None, tag_support=ClientDiagnosticsTagOptions(value_set=[<DiagnosticTag.Unnecessary: 1>, <DiagnosticTag.Deprecated: 2>]), code_description_support=None, data_support=None), call_hierarchy=None, semantic_tokens=None, linked_editing_range=None, moniker=None, type_hierarchy=None, inline_value=None, inlay_hint=InlayHintClientCapabilities(dynamic_registration=False, resolve_support=None), diagnostic=None, inline_completion=None), notebook_document=None, window=WindowClientCapabilities(work_done_progress=True, show_message=None, show_document=None), general=GeneralClientCapabilities(stale_request_support=None, regular_expressions=None, markdown=None, position_encodings=['utf-8', 'utf-32', 'utf-16']), experimental=None), process_id=1012116, client_info=ClientInfo(name='helix', version='25.01.1'), locale=None, root_path='/home/l1onsun/my/projects/chimera', root_uri='file:///home/l1onsun/my/projects/chimera', initialization_options=None, trace=None, work_done_token=None, workspace_folders=[WorkspaceFolder(uri='file:///home/l1onsun/my/projects/chimera', name='chimera')])
INFO:pygls.protocol.json_rpc:Sending data: {"id": 0, "jsonrpc": "2.0", "result": {"capabilities": {"positionEncoding": "utf-8", "textDocumentSync": {"openClose": true, "change": 2, "save": false}, "completionProvider": {"triggerCharacters": ["."]}, "executeCommandProvider": {"commands": []}, "workspace": {"workspaceFolders": {"supported": true, "changeNotifications": true}, "fileOperations": {}}}, "serverInfo": {"name": "example-server", "version": "v0.1"}}}
INFO:__main__:get did change DidChangeTextDocumentParams(text_document=VersionedTextDocumentIdentifier(version=1, uri='file:///home/l1onsun/my/projects/chimera/examples/list.wt'), content_changes=[TextDocumentContentChangePartial(range=4:6-4:7, text='', range_length=None)])
INFO:__main__:type did change <class 'lsprotocol.types.DidChangeTextDocumentParams'>
INFO:pygls.protocol.json_rpc:Sending data: {"id": 1, "jsonrpc": "2.0", "result": []}
INFO:__main__:get did change DidChangeTextDocumentParams(text_document=VersionedTextDocumentIdentifier(version=2, uri='file:///home/l1onsun/my/projects/chimera/examples/list.wt'), content_changes=[TextDocumentContentChangePartial(range=4:48-4:48, text=' ', range_length=None)])
INFO:__main__:type did change <class 'lsprotocol.types.DidChangeTextDocumentParams'>
INFO:__main__:get did change DidChangeTextDocumentParams(text_document=VersionedTextDocumentIdentifier(version=3, uri='file:///home/l1onsun/my/projects/chimera/examples/list.wt'), content_changes=[TextDocumentContentChangePartial(range=4:49-4:49, text='<', range_length=None)])
INFO:__main__:type did change <class 'lsprotocol.types.DidChangeTextDocumentParams'>
INFO:__main__:get did change DidChangeTextDocumentParams(text_document=VersionedTextDocumentIdentifier(version=4, uri='file:///home/l1onsun/my/projects/chimera/examples/list.wt'), content_changes=[TextDocumentContentChangePartial(range=4:50-4:50, text='<', range_length=None)])
INFO:__main__:type did change <class 'lsprotocol.types.DidChangeTextDocumentParams'>
INFO:__main__:get did change DidChangeTextDocumentParams(text_document=VersionedTextDocumentIdentifier(version=5, uri='file:///home/l1onsun/my/projects/chimera/examples/list.wt'), content_changes=[TextDocumentContentChangePartial(range=5:4-5:6, text='', range_length=None)])
INFO:__main__:type did change <class 'lsprotocol.types.DidChangeTextDocumentParams'>
INFO:__main__:get did change DidChangeTextDocumentParams(text_document=VersionedTextDocumentIdentifier(version=6, uri='file:///home/l1onsun/my/projects/chimera/examples/list.wt'), content_changes=[TextDocumentContentChangePartial(range=5:2-5:4, text='', range_length=None)])
INFO:__main__:type did change <class 'lsprotocol.types.DidChangeTextDocumentParams'>
INFO:__main__:get did change DidChangeTextDocumentParams(text_document=VersionedTextDocumentIdentifier(version=7, uri='file:///home/l1onsun/my/projects/chimera/examples/list.wt'), content_changes=[TextDocumentContentChangePartial(range=5:0-5:2, text='', range_length=None)])
INFO:__main__:type did change <class 'lsprotocol.types.DidChangeTextDocumentParams'>
INFO:__main__:get did change DidChangeTextDocumentParams(text_document=VersionedTextDocumentIdentifier(version=8, uri='file:///home/l1onsun/my/projects/chimera/examples/list.wt'), content_changes=[TextDocumentContentChangePartial(range=4:51-5:0, text='', range_length=None)])
INFO:__main__:type did change <class 'lsprotocol.types.DidChangeTextDocumentParams'>
INFO:__main__:get did change DidChangeTextDocumentParams(text_document=VersionedTextDocumentIdentifier(version=9, uri='file:///home/l1onsun/my/projects/chimera/examples/list.wt'), content_changes=[TextDocumentContentChangePartial(range=4:51-4:51, text=' ', range_length=None)])
INFO:__main__:type did change <class 'lsprotocol.types.DidChangeTextDocumentParams'>
INFO:__main__:get did change DidChangeTextDocumentParams(text_document=VersionedTextDocumentIdentifier(version=10, uri='file:///home/l1onsun/my/projects/chimera/examples/list.wt'), content_changes=[TextDocumentContentChangePartial(range=15:57-15:59, text='', range_length=None)])
INFO:__main__:type did change <class 'lsprotocol.types.DidChangeTextDocumentParams'>
INFO:__main__:get did change DidChangeTextDocumentParams(text_document=VersionedTextDocumentIdentifier(version=11, uri='file:///home/l1onsun/my/projects/chimera/examples/list.wt'), content_changes=[TextDocumentContentChangePartial(range=15:57-15:57, text=':', range_length=None)])
INFO:__main__:type did change <class 'lsprotocol.types.DidChangeTextDocumentParams'>
INFO:__main__:get did change DidChangeTextDocumentParams(text_document=VersionedTextDocumentIdentifier(version=12, uri='file:///home/l1onsun/my/projects/chimera/examples/list.wt'), content_changes=[TextDocumentContentChangePartial(range=15:58-15:58, text=':', range_length=None)])
INFO:__main__:type did change <class 'lsprotocol.types.DidChangeTextDocumentParams'>
INFO:__main__:get did change DidChangeTextDocumentParams(text_document=VersionedTextDocumentIdentifier(version=13, uri='file:///home/l1onsun/my/projects/chimera/examples/list.wt'), content_changes=[TextDocumentContentChangePartial(range=22:57-22:59, text='', range_length=None)])
INFO:__main__:type did change <class 'lsprotocol.types.DidChangeTextDocumentParams'>
INFO:__main__:get did change DidChangeTextDocumentParams(text_document=VersionedTextDocumentIdentifier(version=14, uri='file:///home/l1onsun/my/projects/chimera/examples/list.wt'), content_changes=[TextDocumentContentChangePartial(range=22:57-22:57, text=':', range_length=None)])
INFO:__main__:type did change <class 'lsprotocol.types.DidChangeTextDocumentParams'>
INFO:__main__:get did change DidChangeTextDocumentParams(text_document=VersionedTextDocumentIdentifier(version=15, uri='file:///home/l1onsun/my/projects/chimera/examples/list.wt'), content_changes=[TextDocumentContentChangePartial(range=22:58-22:58, text=':', range_length=None)])
INFO:__main__:type did change <class 'lsprotocol.types.DidChangeTextDocumentParams'>
INFO:__main__:get did change DidChangeTextDocumentParams(text_document=VersionedTextDocumentIdentifier(version=16, uri='file:///home/l1onsun/my/projects/chimera/examples/list.wt'), content_changes=[TextDocumentContentChangePartial(range=4:49-4:51, text='', range_length=None)])
INFO:__main__:type did change <class 'lsprotocol.types.DidChangeTextDocumentParams'>
INFO:__main__:get did change DidChangeTextDocumentParams(text_document=VersionedTextDocumentIdentifier(version=17, uri='file:///home/l1onsun/my/projects/chimera/examples/list.wt'), content_changes=[TextDocumentContentChangePartial(range=4:49-4:49, text=':', range_length=None)])
INFO:__main__:type did change <class 'lsprotocol.types.DidChangeTextDocumentParams'>
INFO:__main__:get did change DidChangeTextDocumentParams(text_document=VersionedTextDocumentIdentifier(version=18, uri='file:///home/l1onsun/my/projects/chimera/examples/list.wt'), content_changes=[TextDocumentContentChangePartial(range=4:50-4:50, text=':', range_length=None)])
INFO:__main__:type did change <class 'lsprotocol.types.DidChangeTextDocumentParams'>
INFO:__main__:get did change DidChangeTextDocumentParams(text_document=VersionedTextDocumentIdentifier(version=19, uri='file:///home/l1onsun/my/projects/chimera/examples/list.wt'), content_changes=[TextDocumentContentChangePartial(range=4:51-4:52, text='', range_length=None)])
INFO:__main__:type did change <class 'lsprotocol.types.DidChangeTextDocumentParams'>
INFO:__main__:get did change DidChangeTextDocumentParams(text_document=VersionedTextDocumentIdentifier(version=20, uri='file:///home/l1onsun/my/projects/chimera/examples/list.wt'), content_changes=[TextDocumentContentChangePartial(range=4:48-4:49, text='', range_length=None)])
INFO:__main__:type did change <class 'lsprotocol.types.DidChangeTextDocumentParams'>
INFO:__main__:get did change DidChangeTextDocumentParams(text_document=VersionedTextDocumentIdentifier(version=21, uri='file:///home/l1onsun/my/projects/chimera/examples/list.wt'), content_changes=[TextDocumentContentChangePartial(range=4:48-4:48, text=' ', range_length=None)])
INFO:__main__:type did change <class 'lsprotocol.types.DidChangeTextDocumentParams'>
INFO:__main__:get did change DidChangeTextDocumentParams(text_document=VersionedTextDocumentIdentifier(version=22, uri='file:///home/l1onsun/my/projects/chimera/examples/list.wt'), content_changes=[TextDocumentContentChangePartial(range=4:51-4:51, text=' ', range_length=None)])
INFO:__main__:type did change <class 'lsprotocol.types.DidChangeTextDocumentParams'>
INFO:__main__:get did change DidChangeTextDocumentParams(text_document=VersionedTextDocumentIdentifier(version=23, uri='file:///home/l1onsun/my/projects/chimera/examples/list.wt'), content_changes=[TextDocumentContentChangePartial(range=4:48-4:49, text='', range_length=None)])
INFO:__main__:type did change <class 'lsprotocol.types.DidChangeTextDocumentParams'>
INFO:__main__:get did change DidChangeTextDocumentParams(text_document=VersionedTextDocumentIdentifier(version=24, uri='file:///home/l1onsun/my/projects/chimera/examples/list.wt'), content_changes=[TextDocumentContentChangePartial(range=4:48-4:48, text=' ', range_length=None)])
INFO:__main__:type did change <class 'lsprotocol.types.DidChangeTextDocumentParams'>
INFO:__main__:get did change DidChangeTextDocumentParams(text_document=VersionedTextDocumentIdentifier(version=25, uri='file:///home/l1onsun/my/projects/chimera/examples/list.wt'), content_changes=[TextDocumentContentChangePartial(range=31:17-31:18, text='', range_length=None)])
INFO:__main__:type did change <class 'lsprotocol.types.DidChangeTextDocumentParams'>
INFO:__main__:get did change DidChangeTextDocumentParams(text_document=VersionedTextDocumentIdentifier(version=26, uri='file:///home/l1onsun/my/projects/chimera/examples/list.wt'), content_changes=[TextDocumentContentChangePartial(range=31:17-31:17, text='h', range_length=None)])
INFO:__main__:type did change <class 'lsprotocol.types.DidChangeTextDocumentParams'>
INFO:pygls.protocol.json_rpc:Sending data: {"id": 2, "jsonrpc": "2.0", "result": []}
INFO:__main__:get did change DidChangeTextDocumentParams(text_document=VersionedTextDocumentIdentifier(version=27, uri='file:///home/l1onsun/my/projects/chimera/examples/list.wt'), content_changes=[TextDocumentContentChangePartial(range=31:17-31:18, text='', range_length=None)])
INFO:__main__:type did change <class 'lsprotocol.types.DidChangeTextDocumentParams'>
INFO:__main__:get did change DidChangeTextDocumentParams(text_document=VersionedTextDocumentIdentifier(version=28, uri='file:///home/l1onsun/my/projects/chimera/examples/list.wt'), content_changes=[TextDocumentContentChangePartial(range=31:16-31:17, text='', range_length=None)])
INFO:__main__:type did change <class 'lsprotocol.types.DidChangeTextDocumentParams'>
INFO:__main__:get did change DidChangeTextDocumentParams(text_document=VersionedTextDocumentIdentifier(version=29, uri='file:///home/l1onsun/my/projects/chimera/examples/list.wt'), content_changes=[TextDocumentContentChangePartial(range=31:16-31:16, text=':', range_length=None)])
INFO:__main__:type did change <class 'lsprotocol.types.DidChangeTextDocumentParams'>
INFO:__main__:get did change DidChangeTextDocumentParams(text_document=VersionedTextDocumentIdentifier(version=30, uri='file:///home/l1onsun/my/projects/chimera/examples/list.wt'), content_changes=[TextDocumentContentChangePartial(range=22:57-22:59, text='', range_length=None)])
INFO:__main__:type did change <class 'lsprotocol.types.DidChangeTextDocumentParams'>
INFO:__main__:get did change DidChangeTextDocumentParams(text_document=VersionedTextDocumentIdentifier(version=31, uri='file:///home/l1onsun/my/projects/chimera/examples/list.wt'), content_changes=[TextDocumentContentChangePartial(range=22:57-22:57, text='`', range_length=None)])
INFO:__main__:type did change <class 'lsprotocol.types.DidChangeTextDocumentParams'>
INFO:__main__:get did change DidChangeTextDocumentParams(text_document=VersionedTextDocumentIdentifier(version=32, uri='file:///home/l1onsun/my/projects/chimera/examples/list.wt'), content_changes=[TextDocumentContentChangePartial(range=22:58-22:58, text='`', range_length=None)])
INFO:__main__:type did change <class 'lsprotocol.types.DidChangeTextDocumentParams'>
INFO:__main__:get did change DidChangeTextDocumentParams(text_document=VersionedTextDocumentIdentifier(version=33, uri='file:///home/l1onsun/my/projects/chimera/examples/list.wt'), content_changes=[TextDocumentContentChangePartial(range=22:57-22:59, text='', range_length=None)])
INFO:__main__:type did change <class 'lsprotocol.types.DidChangeTextDocumentParams'>
INFO:__main__:get did change DidChangeTextDocumentParams(text_document=VersionedTextDocumentIdentifier(version=34, uri='file:///home/l1onsun/my/projects/chimera/examples/list.wt'), content_changes=[TextDocumentContentChangePartial(range=22:57-22:57, text='%', range_length=None)])
INFO:__main__:type did change <class 'lsprotocol.types.DidChangeTextDocumentParams'>
INFO:__main__:get did change DidChangeTextDocumentParams(text_document=VersionedTextDocumentIdentifier(version=35, uri='file:///home/l1onsun/my/projects/chimera/examples/list.wt'), content_changes=[TextDocumentContentChangePartial(range=22:58-22:58, text='%', range_length=None)])
INFO:__main__:type did change <class 'lsprotocol.types.DidChangeTextDocumentParams'>
INFO:__main__:get did change DidChangeTextDocumentParams(text_document=VersionedTextDocumentIdentifier(version=36, uri='file:///home/l1onsun/my/projects/chimera/examples/list.wt'), content_changes=[TextDocumentContentChangePartial(range=22:57-22:59, text='``', range_length=None)])
INFO:__main__:type did change <class 'lsprotocol.types.DidChangeTextDocumentParams'>
INFO:__main__:get did change DidChangeTextDocumentParams(text_document=VersionedTextDocumentIdentifier(version=37, uri='file:///home/l1onsun/my/projects/chimera/examples/list.wt'), content_changes=[TextDocumentContentChangePartial(range=22:57-22:59, text='', range_length=None)])
INFO:__main__:type did change <class 'lsprotocol.types.DidChangeTextDocumentParams'>
INFO:__main__:get did change DidChangeTextDocumentParams(text_document=VersionedTextDocumentIdentifier(version=38, uri='file:///home/l1onsun/my/projects/chimera/examples/list.wt'), content_changes=[TextDocumentContentChangePartial(range=22:57-22:57, text='.', range_length=None)])
INFO:__main__:type did change <class 'lsprotocol.types.DidChangeTextDocumentParams'>
INFO:pygls.protocol.json_rpc:Sending data: {"id": 3, "jsonrpc": "2.0", "result": []}
INFO:__main__:get did change DidChangeTextDocumentParams(text_document=VersionedTextDocumentIdentifier(version=39, uri='file:///home/l1onsun/my/projects/chimera/examples/list.wt'), content_changes=[TextDocumentContentChangePartial(range=22:58-22:58, text='.', range_length=None)])
INFO:__main__:type did change <class 'lsprotocol.types.DidChangeTextDocumentParams'>
INFO:pygls.protocol.json_rpc:Sending data: {"id": 4, "jsonrpc": "2.0", "result": []}
INFO:__main__:get did change DidChangeTextDocumentParams(text_document=VersionedTextDocumentIdentifier(version=40, uri='file:///home/l1onsun/my/projects/chimera/examples/list.wt'), content_changes=[TextDocumentContentChangePartial(range=22:56-22:57, text='', range_length=None)])
INFO:__main__:type did change <class 'lsprotocol.types.DidChangeTextDocumentParams'>
INFO:__main__:get did change DidChangeTextDocumentParams(text_document=VersionedTextDocumentIdentifier(version=41, uri='file:///home/l1onsun/my/projects/chimera/examples/list.wt'), content_changes=[TextDocumentContentChangePartial(range=22:58-22:59, text='', range_length=None)])
INFO:__main__:type did change <class 'lsprotocol.types.DidChangeTextDocumentParams'>
INFO:__main__:get did change DidChangeTextDocumentParams(text_document=VersionedTextDocumentIdentifier(version=42, uri='file:///home/l1onsun/my/projects/chimera/examples/list.wt'), content_changes=[TextDocumentContentChangePartial(range=22:58-22:58, text=' ', range_length=None)])
INFO:__main__:type did change <class 'lsprotocol.types.DidChangeTextDocumentParams'>
INFO:__main__:get did change DidChangeTextDocumentParams(text_document=VersionedTextDocumentIdentifier(version=43, uri='file:///home/l1onsun/my/projects/chimera/examples/list.wt'), content_changes=[TextDocumentContentChangePartial(range=22:56-22:56, text=' ', range_length=None)])
INFO:__main__:type did change <class 'lsprotocol.types.DidChangeTextDocumentParams'>
INFO:__main__:get did change DidChangeTextDocumentParams(text_document=VersionedTextDocumentIdentifier(version=44, uri='file:///home/l1onsun/my/projects/chimera/examples/list.wt'), content_changes=[TextDocumentContentChangePartial(range=15:57-15:59, text='', range_length=None)])
INFO:__main__:type did change <class 'lsprotocol.types.DidChangeTextDocumentParams'>
INFO:__main__:get did change DidChangeTextDocumentParams(text_document=VersionedTextDocumentIdentifier(version=45, uri='file:///home/l1onsun/my/projects/chimera/examples/list.wt'), content_changes=[TextDocumentContentChangePartial(range=15:57-15:57, text='.', range_length=None)])
INFO:__main__:type did change <class 'lsprotocol.types.DidChangeTextDocumentParams'>
INFO:pygls.protocol.json_rpc:Sending data: {"id": 5, "jsonrpc": "2.0", "result": []}
INFO:__main__:get did change DidChangeTextDocumentParams(text_document=VersionedTextDocumentIdentifier(version=46, uri='file:///home/l1onsun/my/projects/chimera/examples/list.wt'), content_changes=[TextDocumentContentChangePartial(range=15:58-15:58, text='.', range_length=None)])
INFO:__main__:type did change <class 'lsprotocol.types.DidChangeTextDocumentParams'>
INFO:pygls.protocol.json_rpc:Sending data: {"id": 6, "jsonrpc": "2.0", "result": []}
INFO:__main__:get did change DidChangeTextDocumentParams(text_document=VersionedTextDocumentIdentifier(version=47, uri='file:///home/l1onsun/my/projects/chimera/examples/list.wt'), content_changes=[TextDocumentContentChangePartial(range=4:49-4:51, text='', range_length=None)])
INFO:__main__:type did change <class 'lsprotocol.types.DidChangeTextDocumentParams'>
INFO:__main__:get did change DidChangeTextDocumentParams(text_document=VersionedTextDocumentIdentifier(version=48, uri='file:///home/l1onsun/my/projects/chimera/examples/list.wt'), content_changes=[TextDocumentContentChangePartial(range=4:49-4:49, text='.', range_length=None)])
INFO:__main__:type did change <class 'lsprotocol.types.DidChangeTextDocumentParams'>
INFO:pygls.protocol.json_rpc:Sending data: {"id": 7, "jsonrpc": "2.0", "result": []}
INFO:__main__:get did change DidChangeTextDocumentParams(text_document=VersionedTextDocumentIdentifier(version=49, uri='file:///home/l1onsun/my/projects/chimera/examples/list.wt'), content_changes=[TextDocumentContentChangePartial(range=4:50-4:50, text='.', range_length=None)])
INFO:__main__:type did change <class 'lsprotocol.types.DidChangeTextDocumentParams'>
INFO:pygls.protocol.json_rpc:Sending data: {"id": 8, "jsonrpc": "2.0", "result": []}
INFO:pygls.protocol.json_rpc:Sending data: {"id": 9, "jsonrpc": "2.0", "result": null}
